# JRE version: Java(TM) SE Runtime Environment (8.0_40-b25) (build 1.8.0_40-b25)
# Java VM: Java HotSpot(TM) 64-Bit Server VM (25.40-b25 mixed mode linux-amd64 compressed oops)
Heap:
 PSYoungGen      total 124928K, used 9697K [0x00000000ed580000, 0x00000000f5b80000, 0x0000000100000000)
  eden space 115200K, 0% used [0x00000000ed580000,0x00000000ed580000,0x00000000f4600000)
  from space 9728K, 99% used [0x00000000f4600000,0x00000000f4f78508,0x00000000f4f80000)
  to   space 7168K, 0% used [0x00000000f4f80000,0x00000000f4f80000,0x00000000f5680000)
 ParOldGen       total 38400K, used 26440K [0x00000000c8000000, 0x00000000ca580000, 0x00000000ed580000)
  object space 38400K, 68% used [0x00000000c8000000,0x00000000c99d22a8,0x00000000ca580000)
 Metaspace       used 20466K, capacity 21166K, committed 21248K, reserved 1069056K
  class space    used 2369K, capacity 2532K, committed 2560K, reserved 1048576K
GC Heap History (10 events):
Event: 1.453 GC heap after
Heap after GC invocations=4 (full 0):
 PSYoungGen      total 31744K, used 2022K [0x00000000ed580000, 0x00000000ef680000, 0x0000000100000000)
  eden space 29696K, 0% used [0x00000000ed580000,0x00000000ed580000,0x00000000ef280000)
  from space 2048K, 98% used [0x00000000ef480000,0x00000000ef679970,0x00000000ef680000)
  to   space 2048K, 0% used [0x00000000ef280000,0x00000000ef280000,0x00000000ef480000)
 ParOldGen       total 38400K, used 4736K [0x00000000c8000000, 0x00000000ca580000, 0x00000000ed580000)
  object space 38400K, 12% used [0x00000000c8000000,0x00000000c84a03f8,0x00000000ca580000)
 Metaspace       used 10890K, capacity 11060K, committed 11136K, reserved 1058816K
  class space    used 1350K, capacity 1404K, committed 1408K, reserved 1048576K
}
Event: 2.248 GC heap before
{Heap before GC invocations=5 (full 0):
 PSYoungGen      total 31744K, used 31718K [0x00000000ed580000, 0x00000000ef680000, 0x0000000100000000)
  eden space 29696K, 100% used [0x00000000ed580000,0x00000000ef280000,0x00000000ef280000)
  from space 2048K, 98% used [0x00000000ef480000,0x00000000ef679970,0x00000000ef680000)
  to   space 2048K, 0% used [0x00000000ef280000,0x00000000ef280000,0x00000000ef480000)
 ParOldGen       total 38400K, used 4736K [0x00000000c8000000, 0x00000000ca580000, 0x00000000ed580000)
  object space 38400K, 12% used [0x00000000c8000000,0x00000000c84a03f8,0x00000000ca580000)
 Metaspace       used 14086K, capacity 14282K, committed 14592K, reserved 1062912K
  class space    used 1699K, capacity 1746K, committed 1792K, reserved 1048576K
Event: 2.258 GC heap after
Heap after GC invocations=5 (full 0):
 PSYoungGen      total 31744K, used 2032K [0x00000000ed580000, 0x00000000f1a80000, 0x0000000100000000)
  eden space 29696K, 0% used [0x00000000ed580000,0x00000000ed580000,0x00000000ef280000)
  from space 2048K, 99% used [0x00000000ef280000,0x00000000ef47c010,0x00000000ef480000)
  to   space 5632K, 0% used [0x00000000f1500000,0x00000000f1500000,0x00000000f1a80000)
 ParOldGen       total 38400K, used 8470K [0x00000000c8000000, 0x00000000ca580000, 0x00000000ed580000)
  object space 38400K, 22% used [0x00000000c8000000,0x00000000c8845a50,0x00000000ca580000)
 Metaspace       used 14086K, capacity 14282K, committed 14592K, reserved 1062912K
  class space    used 1699K, capacity 1746K, committed 1792K, reserved 1048576K
}
Event: 2.712 GC heap before
{Heap before GC invocations=6 (full 0):
 PSYoungGen      total 31744K, used 31728K [0x00000000ed580000, 0x00000000f1a80000, 0x0000000100000000)
  eden space 29696K, 100% used [0x00000000ed580000,0x00000000ef280000,0x00000000ef280000)
  from space 2048K, 99% used [0x00000000ef280000,0x00000000ef47c010,0x00000000ef480000)
  to   space 5632K, 0% used [0x00000000f1500000,0x00000000f1500000,0x00000000f1a80000)
 ParOldGen       total 38400K, used 8470K [0x00000000c8000000, 0x00000000ca580000, 0x00000000ed580000)
  object space 38400K, 22% used [0x00000000c8000000,0x00000000c8845a50,0x00000000ca580000)
 Metaspace       used 14669K, capacity 15002K, committed 15232K, reserved 1062912K
  class space    used 1747K, capacity 1853K, committed 1920K, reserved 1048576K
Event: 2.729 GC heap after
Heap after GC invocations=6 (full 0):
 PSYoungGen      total 64512K, used 4367K [0x00000000ed580000, 0x00000000f1b80000, 0x0000000100000000)
  eden space 58880K, 0% used [0x00000000ed580000,0x00000000ed580000,0x00000000f0f00000)
  from space 5632K, 77% used [0x00000000f1500000,0x00000000f1943e80,0x00000000f1a80000)
  to   space 6144K, 0% used [0x00000000f0f00000,0x00000000f0f00000,0x00000000f1500000)
 ParOldGen       total 38400K, used 8478K [0x00000000c8000000, 0x00000000ca580000, 0x00000000ed580000)
  object space 38400K, 22% used [0x00000000c8000000,0x00000000c8847a50,0x00000000ca580000)
 Metaspace       used 14669K, capacity 15002K, committed 15232K, reserved 1062912K
  class space    used 1747K, capacity 1853K, committed 1920K, reserved 1048576K
}
Event: 3.294 GC heap before
{Heap before GC invocations=7 (full 0):
 PSYoungGen      total 64512K, used 63247K [0x00000000ed580000, 0x00000000f1b80000, 0x0000000100000000)
  eden space 58880K, 100% used [0x00000000ed580000,0x00000000f0f00000,0x00000000f0f00000)
  from space 5632K, 77% used [0x00000000f1500000,0x00000000f1943e80,0x00000000f1a80000)
  to   space 6144K, 0% used [0x00000000f0f00000,0x00000000f0f00000,0x00000000f1500000)
 ParOldGen       total 38400K, used 8478K [0x00000000c8000000, 0x00000000ca580000, 0x00000000ed580000)
  object space 38400K, 22% used [0x00000000c8000000,0x00000000c8847a50,0x00000000ca580000)
 Metaspace       used 15018K, capacity 15420K, committed 15744K, reserved 1062912K
  class space    used 1759K, capacity 1862K, committed 1920K, reserved 1048576K
Event: 3.311 GC heap after
Heap after GC invocations=7 (full 0):
 PSYoungGen      total 65024K, used 6144K [0x00000000ed580000, 0x00000000f5680000, 0x0000000100000000)
  eden space 58880K, 0% used [0x00000000ed580000,0x00000000ed580000,0x00000000f0f00000)
  from space 6144K, 100% used [0x00000000f0f00000,0x00000000f1500000,0x00000000f1500000)
  to   space 7168K, 0% used [0x00000000f4f80000,0x00000000f4f80000,0x00000000f5680000)
 ParOldGen       total 38400K, used 9638K [0x00000000c8000000, 0x00000000ca580000, 0x00000000ed580000)
  object space 38400K, 25% used [0x00000000c8000000,0x00000000c8969a50,0x00000000ca580000)
 Metaspace       used 15018K, capacity 15420K, committed 15744K, reserved 1062912K
  class space    used 1759K, capacity 1862K, committed 1920K, reserved 1048576K
}
Event: 4.444 GC heap before
{Heap before GC invocations=8 (full 0):
 PSYoungGen      total 65024K, used 65024K [0x00000000ed580000, 0x00000000f5680000, 0x0000000100000000)
  eden space 58880K, 100% used [0x00000000ed580000,0x00000000f0f00000,0x00000000f0f00000)
  from space 6144K, 100% used [0x00000000f0f00000,0x00000000f1500000,0x00000000f1500000)
  to   space 7168K, 0% used [0x00000000f4f80000,0x00000000f4f80000,0x00000000f5680000)
 ParOldGen       total 38400K, used 9638K [0x00000000c8000000, 0x00000000ca580000, 0x00000000ed580000)
  object space 38400K, 25% used [0x00000000c8000000,0x00000000c8969a50,0x00000000ca580000)
 Metaspace       used 19769K, capacity 20494K, committed 20736K, reserved 1067008K
  class space    used 2338K, capacity 2500K, committed 2560K, reserved 1048576K
Event: 4.473 GC heap after
Heap after GC invocations=8 (full 0):
 PSYoungGen      total 122368K, used 7159K [0x00000000ed580000, 0x00000000f5b80000, 0x0000000100000000)
  eden space 115200K, 0% used [0x00000000ed580000,0x00000000ed580000,0x00000000f4600000)
  from space 7168K, 99% used [0x00000000f4f80000,0x00000000f567dc60,0x00000000f5680000)
  to   space 9728K, 0% used [0x00000000f4600000,0x00000000f4600000,0x00000000f4f80000)
 ParOldGen       total 38400K, used 13198K [0x00000000c8000000, 0x00000000ca580000, 0x00000000ed580000)
  object space 38400K, 34% used [0x00000000c8000000,0x00000000c8ce3ad8,0x00000000ca580000)
 Metaspace       used 19769K, capacity 20494K, committed 20736K, reserved 1067008K
  class space    used 2338K, capacity 2500K, committed 2560K, reserved 1048576K
}
Event: 5.263 GC heap before
{Heap before GC invocations=9 (full 0):
 PSYoungGen      total 122368K, used 65080K [0x00000000ed580000, 0x00000000f5b80000, 0x0000000100000000)
  eden space 115200K, 50% used [0x00000000ed580000,0x00000000f0e10660,0x00000000f4600000)
  from space 7168K, 99% used [0x00000000f4f80000,0x00000000f567dc60,0x00000000f5680000)
  to   space 9728K, 0% used [0x00000000f4600000,0x00000000f4600000,0x00000000f4f80000)
 ParOldGen       total 38400K, used 13198K [0x00000000c8000000, 0x00000000ca580000, 0x00000000ed580000)
  object space 38400K, 34% used [0x00000000c8000000,0x00000000c8ce3ad8,0x00000000ca580000)
 Metaspace       used 20466K, capacity 21166K, committed 21248K, reserved 1069056K
  class space    used 2369K, capacity 2532K, committed 2560K, reserved 1048576K

