# JRE version: Java(TM) SE Runtime Environment (8.0_77-b03) (build 1.8.0_77-b03)
# Java VM: Java HotSpot(TM) 64-Bit Server VM (25.77-b03 mixed mode linux-amd64 compressed oops)
Heap:
 PSYoungGen      total 185856K, used 23454K [0x00000000d8000000, 0x00000000e5400000, 0x0000000100000000)
  eden space 175104K, 13% used [0x00000000d8000000,0x00000000d96e7820,0x00000000e2b00000)
  from space 10752K, 0% used [0x00000000e3600000,0x00000000e3600000,0x00000000e4080000)
  to   space 11264K, 0% used [0x00000000e2b00000,0x00000000e2b00000,0x00000000e3600000)
 ParOldGen       total 79872K, used 18301K [0x0000000088000000, 0x000000008ce00000, 0x00000000d8000000)
  object space 79872K, 22% used [0x0000000088000000,0x00000000891df6d8,0x000000008ce00000)
 Metaspace       used 31744K, capacity 34819K, committed 35880K, reserved 1079296K
  class space    used 4351K, capacity 4943K, committed 5248K, reserved 1048576K
GC Heap History (10 events):
Event: 14.193 GC heap before
{Heap before GC invocations=10 (full 1):
 PSYoungGen      total 124416K, used 115712K [0x00000000d8000000, 0x00000000e0300000, 0x0000000100000000)
  eden space 115712K, 100% used [0x00000000d8000000,0x00000000df100000,0x00000000df100000)
  from space 8704K, 0% used [0x00000000dfa80000,0x00000000dfa80000,0x00000000e0300000)
  to   space 9216K, 0% used [0x00000000df100000,0x00000000df100000,0x00000000dfa00000)
 ParOldGen       total 60928K, used 13120K [0x0000000088000000, 0x000000008bb80000, 0x00000000d8000000)
  object space 60928K, 21% used [0x0000000088000000,0x0000000088cd0250,0x000000008bb80000)
 Metaspace       used 25839K, capacity 27603K, committed 27776K, reserved 1073152K
  class space    used 3358K, capacity 3704K, committed 3712K, reserved 1048576K
Event: 14.202 GC heap after
Heap after GC invocations=10 (full 1):
 PSYoungGen      total 124928K, used 7001K [0x00000000d8000000, 0x00000000e2500000, 0x0000000100000000)
  eden space 115712K, 0% used [0x00000000d8000000,0x00000000d8000000,0x00000000df100000)
  from space 9216K, 75% used [0x00000000df100000,0x00000000df7d6620,0x00000000dfa00000)
  to   space 9728K, 0% used [0x00000000e1b80000,0x00000000e1b80000,0x00000000e2500000)
 ParOldGen       total 60928K, used 13120K [0x0000000088000000, 0x000000008bb80000, 0x00000000d8000000)
  object space 60928K, 21% used [0x0000000088000000,0x0000000088cd0250,0x000000008bb80000)
 Metaspace       used 25839K, capacity 27603K, committed 27776K, reserved 1073152K
  class space    used 3358K, capacity 3704K, committed 3712K, reserved 1048576K
}
Event: 60.586 GC heap before
{Heap before GC invocations=11 (full 1):
 PSYoungGen      total 124928K, used 122713K [0x00000000d8000000, 0x00000000e2500000, 0x0000000100000000)
  eden space 115712K, 100% used [0x00000000d8000000,0x00000000df100000,0x00000000df100000)
  from space 9216K, 75% used [0x00000000df100000,0x00000000df7d6620,0x00000000dfa00000)
  to   space 9728K, 0% used [0x00000000e1b80000,0x00000000e1b80000,0x00000000e2500000)
 ParOldGen       total 60928K, used 13120K [0x0000000088000000, 0x000000008bb80000, 0x00000000d8000000)
  object space 60928K, 21% used [0x0000000088000000,0x0000000088cd0250,0x000000008bb80000)
 Metaspace       used 28518K, capacity 30987K, committed 31232K, reserved 1077248K
  class space    used 3814K, capacity 4278K, committed 4352K, reserved 1048576K
Event: 60.594 GC heap after
Heap after GC invocations=11 (full 1):
 PSYoungGen      total 151552K, used 6534K [0x00000000d8000000, 0x00000000e2200000, 0x0000000100000000)
  eden space 144896K, 0% used [0x00000000d8000000,0x00000000d8000000,0x00000000e0d80000)
  from space 6656K, 98% used [0x00000000e1b80000,0x00000000e21e1938,0x00000000e2200000)
  to   space 9728K, 0% used [0x00000000e0f00000,0x00000000e0f00000,0x00000000e1880000)
 ParOldGen       total 60928K, used 13128K [0x0000000088000000, 0x000000008bb80000, 0x00000000d8000000)
  object space 60928K, 21% used [0x0000000088000000,0x0000000088cd2250,0x000000008bb80000)
 Metaspace       used 28518K, capacity 30987K, committed 31232K, reserved 1077248K
  class space    used 3814K, capacity 4278K, committed 4352K, reserved 1048576K
}
Event: 189.897 GC heap before
{Heap before GC invocations=12 (full 1):
 PSYoungGen      total 151552K, used 151430K [0x00000000d8000000, 0x00000000e2200000, 0x0000000100000000)
  eden space 144896K, 100% used [0x00000000d8000000,0x00000000e0d80000,0x00000000e0d80000)
  from space 6656K, 98% used [0x00000000e1b80000,0x00000000e21e1938,0x00000000e2200000)
  to   space 9728K, 0% used [0x00000000e0f00000,0x00000000e0f00000,0x00000000e1880000)
 ParOldGen       total 60928K, used 13128K [0x0000000088000000, 0x000000008bb80000, 0x00000000d8000000)
  object space 60928K, 21% used [0x0000000088000000,0x0000000088cd2250,0x000000008bb80000)
 Metaspace       used 31424K, capacity 34711K, committed 34944K, reserved 1079296K
  class space    used 4330K, capacity 4970K, committed 4992K, reserved 1048576K
Event: 189.937 GC heap after
Heap after GC invocations=12 (full 1):
 PSYoungGen      total 156160K, used 9439K [0x00000000d8000000, 0x00000000e4080000, 0x0000000100000000)
  eden space 146432K, 0% used [0x00000000d8000000,0x00000000d8000000,0x00000000e0f00000)
  from space 9728K, 97% used [0x00000000e0f00000,0x00000000e1837e38,0x00000000e1880000)
  to   space 10752K, 0% used [0x00000000e3600000,0x00000000e3600000,0x00000000e4080000)
 ParOldGen       total 60928K, used 13136K [0x0000000088000000, 0x000000008bb80000, 0x00000000d8000000)
  object space 60928K, 21% used [0x0000000088000000,0x0000000088cd4250,0x000000008bb80000)
 Metaspace       used 31424K, capacity 34711K, committed 34944K, reserved 1079296K
  class space    used 4330K, capacity 4970K, committed 4992K, reserved 1048576K
}
Event: 190.590 GC heap before
{Heap before GC invocations=13 (full 1):
 PSYoungGen      total 156160K, used 33718K [0x00000000d8000000, 0x00000000e4080000, 0x0000000100000000)
  eden space 146432K, 16% used [0x00000000d8000000,0x00000000d97b5d88,0x00000000e0f00000)
  from space 9728K, 97% used [0x00000000e0f00000,0x00000000e1837e38,0x00000000e1880000)
  to   space 10752K, 0% used [0x00000000e3600000,0x00000000e3600000,0x00000000e4080000)
 ParOldGen       total 60928K, used 13136K [0x0000000088000000, 0x000000008bb80000, 0x00000000d8000000)
  object space 60928K, 21% used [0x0000000088000000,0x0000000088cd4250,0x000000008bb80000)
 Metaspace       used 31889K, capacity 35437K, committed 35496K, reserved 1079296K
  class space    used 4417K, capacity 5063K, committed 5120K, reserved 1048576K
Event: 190.639 GC heap after
Heap after GC invocations=13 (full 1):
 PSYoungGen      total 185856K, used 8960K [0x00000000d8000000, 0x00000000e5400000, 0x0000000100000000)
  eden space 175104K, 0% used [0x00000000d8000000,0x00000000d8000000,0x00000000e2b00000)
  from space 10752K, 83% used [0x00000000e3600000,0x00000000e3ec0000,0x00000000e4080000)
  to   space 11264K, 0% used [0x00000000e2b00000,0x00000000e2b00000,0x00000000e3600000)
 ParOldGen       total 60928K, used 13136K [0x0000000088000000, 0x000000008bb80000, 0x00000000d8000000)
  object space 60928K, 21% used [0x0000000088000000,0x0000000088cd4250,0x000000008bb80000)
 Metaspace       used 31889K, capacity 35437K, committed 35496K, reserved 1079296K
  class space    used 4417K, capacity 5063K, committed 5120K, reserved 1048576K
}
Event: 190.639 GC heap before
{Heap before GC invocations=14 (full 2):
 PSYoungGen      total 185856K, used 8960K [0x00000000d8000000, 0x00000000e5400000, 0x0000000100000000)
  eden space 175104K, 0% used [0x00000000d8000000,0x00000000d8000000,0x00000000e2b00000)
  from space 10752K, 83% used [0x00000000e3600000,0x00000000e3ec0000,0x00000000e4080000)
  to   space 11264K, 0% used [0x00000000e2b00000,0x00000000e2b00000,0x00000000e3600000)
 ParOldGen       total 60928K, used 13136K [0x0000000088000000, 0x000000008bb80000, 0x00000000d8000000)
  object space 60928K, 21% used [0x0000000088000000,0x0000000088cd4250,0x000000008bb80000)
 Metaspace       used 31889K, capacity 35437K, committed 35496K, reserved 1079296K
  class space    used 4417K, capacity 5063K, committed 5120K, reserved 1048576K
Event: 190.918 GC heap after
Heap after GC invocations=14 (full 2):
 PSYoungGen      total 185856K, used 0K [0x00000000d8000000, 0x00000000e5400000, 0x0000000100000000)
  eden space 175104K, 0% used [0x00000000d8000000,0x00000000d8000000,0x00000000e2b00000)
  from space 10752K, 0% used [0x00000000e3600000,0x00000000e3600000,0x00000000e4080000)
  to   space 11264K, 0% used [0x00000000e2b00000,0x00000000e2b00000,0x00000000e3600000)
 ParOldGen       total 79872K, used 18301K [0x0000000088000000, 0x000000008ce00000, 0x00000000d8000000)
  object space 79872K, 22% used [0x0000000088000000,0x00000000891df6d8,0x000000008ce00000)
 Metaspace       used 31417K, capacity 34425K, committed 35496K, reserved 1079296K
  class space    used 4310K, capacity 4856K, committed 5120K, reserved 1048576K
}

