# JRE version: Java(TM) SE Runtime Environment (8.0_45-b14) (build 1.8.0_45-b14)
# Java VM: Java HotSpot(TM) 64-Bit Server VM (25.45-b02 mixed mode linux-amd64 compressed oops)
Heap:
 PSYoungGen      total 101888K, used 38416K [0x000000076cb00000, 0x0000000777000000, 0x00000007c0000000)
  eden space 98816K, 38% used [0x000000076cb00000,0x000000076f084108,0x0000000772b80000)
  from space 3072K, 0% used [0x0000000776d00000,0x0000000776d00000,0x0000000777000000)
  to   space 16896K, 0% used [0x0000000774f00000,0x0000000774f00000,0x0000000775f80000)
 ParOldGen       total 145408K, used 27197K [0x00000006c6000000, 0x00000006cee00000, 0x000000076cb00000)
  object space 145408K, 18% used [0x00000006c6000000,0x00000006c7a8f510,0x00000006cee00000)
 Metaspace       used 53737K, capacity 59070K, committed 59864K, reserved 1101824K
  class space    used 7055K, capacity 7993K, committed 8192K, reserved 1048576K
GC Heap History (10 events):
Event: 358,887 GC heap before
{Heap before GC invocations=11 (full 2):
 PSYoungGen      total 114688K, used 114272K [0x000000076cb00000, 0x0000000778100000, 0x00000007c0000000)
  eden space 107520K, 100% used [0x000000076cb00000,0x0000000773400000,0x0000000773400000)
  from space 7168K, 94% used [0x0000000777a00000,0x0000000778098028,0x0000000778100000)
  to   space 13312K, 0% used [0x0000000776700000,0x0000000776700000,0x0000000777400000)
 ParOldGen       total 134656K, used 16584K [0x00000006c6000000, 0x00000006ce380000, 0x000000076cb00000)
  object space 134656K, 12% used [0x00000006c6000000,0x00000006c7032088,0x00000006ce380000)
 Metaspace       used 45012K, capacity 48916K, committed 49112K, reserved 1091584K
  class space    used 5702K, capacity 6329K, committed 6400K, reserved 1048576K
Event: 358,896 GC heap after
Heap after GC invocations=11 (full 2):
 PSYoungGen      total 113664K, used 8424K [0x000000076cb00000, 0x0000000777a80000, 0x00000007c0000000)
  eden space 104960K, 0% used [0x000000076cb00000,0x000000076cb00000,0x0000000773180000)
  from space 8704K, 96% used [0x0000000776700000,0x0000000776f3a040,0x0000000776f80000)
  to   space 11264K, 0% used [0x0000000776f80000,0x0000000776f80000,0x0000000777a80000)
 ParOldGen       total 134656K, used 16592K [0x00000006c6000000, 0x00000006ce380000, 0x000000076cb00000)
  object space 134656K, 12% used [0x00000006c6000000,0x00000006c7034088,0x00000006ce380000)
 Metaspace       used 45012K, capacity 48916K, committed 49112K, reserved 1091584K
  class space    used 5702K, capacity 6329K, committed 6400K, reserved 1048576K
}
Event: 507,888 GC heap before
{Heap before GC invocations=12 (full 2):
 PSYoungGen      total 113664K, used 113384K [0x000000076cb00000, 0x0000000777a80000, 0x00000007c0000000)
  eden space 104960K, 100% used [0x000000076cb00000,0x0000000773180000,0x0000000773180000)
  from space 8704K, 96% used [0x0000000776700000,0x0000000776f3a040,0x0000000776f80000)
  to   space 11264K, 0% used [0x0000000776f80000,0x0000000776f80000,0x0000000777a80000)
 ParOldGen       total 134656K, used 16592K [0x00000006c6000000, 0x00000006ce380000, 0x000000076cb00000)
  object space 134656K, 12% used [0x00000006c6000000,0x00000006c7034088,0x00000006ce380000)
 Metaspace       used 48162K, capacity 53058K, committed 53336K, reserved 1095680K
  class space    used 6191K, capacity 6963K, committed 7040K, reserved 1048576K
Event: 507,903 GC heap after
Heap after GC invocations=12 (full 2):
 PSYoungGen      total 114176K, used 10789K [0x000000076cb00000, 0x0000000777a80000, 0x00000007c0000000)
  eden space 102912K, 0% used [0x000000076cb00000,0x000000076cb00000,0x0000000772f80000)
  from space 11264K, 95% used [0x0000000776f80000,0x0000000777a09400,0x0000000777a80000)
  to   space 13824K, 0% used [0x0000000775f80000,0x0000000775f80000,0x0000000776d00000)
 ParOldGen       total 134656K, used 16600K [0x00000006c6000000, 0x00000006ce380000, 0x000000076cb00000)
  object space 134656K, 12% used [0x00000006c6000000,0x00000006c7036088,0x00000006ce380000)
 Metaspace       used 48162K, capacity 53058K, committed 53336K, reserved 1095680K
  class space    used 6191K, capacity 6963K, committed 7040K, reserved 1048576K
}
Event: 573,077 GC heap before
{Heap before GC invocations=13 (full 2):
 PSYoungGen      total 114176K, used 113701K [0x000000076cb00000, 0x0000000777a80000, 0x00000007c0000000)
  eden space 102912K, 100% used [0x000000076cb00000,0x0000000772f80000,0x0000000772f80000)
  from space 11264K, 95% used [0x0000000776f80000,0x0000000777a09400,0x0000000777a80000)
  to   space 13824K, 0% used [0x0000000775f80000,0x0000000775f80000,0x0000000776d00000)
 ParOldGen       total 134656K, used 16600K [0x00000006c6000000, 0x00000006ce380000, 0x000000076cb00000)
  object space 134656K, 12% used [0x00000006c6000000,0x00000006c7036088,0x00000006ce380000)
 Metaspace       used 51879K, capacity 57452K, committed 57560K, reserved 1099776K
  class space    used 6768K, capacity 7678K, committed 7680K, reserved 1048576K
Event: 573,093 GC heap after
Heap after GC invocations=13 (full 2):
 PSYoungGen      total 114688K, used 13607K [0x000000076cb00000, 0x0000000777000000, 0x00000007c0000000)
  eden space 100864K, 0% used [0x000000076cb00000,0x000000076cb00000,0x0000000772d80000)
  from space 13824K, 98% used [0x0000000775f80000,0x0000000776cc9d38,0x0000000776d00000)
  to   space 3072K, 0% used [0x0000000776d00000,0x0000000776d00000,0x0000000777000000)
 ParOldGen       total 134656K, used 16608K [0x00000006c6000000, 0x00000006ce380000, 0x000000076cb00000)
  object space 134656K, 12% used [0x00000006c6000000,0x00000006c7038088,0x00000006ce380000)
 Metaspace       used 51879K, capacity 57452K, committed 57560K, reserved 1099776K
  class space    used 6768K, capacity 7678K, committed 7680K, reserved 1048576K
}
Event: 592,370 GC heap before
{Heap before GC invocations=14 (full 2):
 PSYoungGen      total 114688K, used 46951K [0x000000076cb00000, 0x0000000777000000, 0x00000007c0000000)
  eden space 100864K, 33% used [0x000000076cb00000,0x000000076eb90260,0x0000000772d80000)
  from space 13824K, 98% used [0x0000000775f80000,0x0000000776cc9d38,0x0000000776d00000)
  to   space 3072K, 0% used [0x0000000776d00000,0x0000000776d00000,0x0000000777000000)
 ParOldGen       total 134656K, used 16608K [0x00000006c6000000, 0x00000006ce380000, 0x000000076cb00000)
  object space 134656K, 12% used [0x00000006c6000000,0x00000006c7038088,0x00000006ce380000)
 Metaspace       used 53016K, capacity 58866K, committed 59028K, reserved 1099776K
  class space    used 6931K, capacity 7911K, committed 7936K, reserved 1048576K
Event: 592,381 GC heap after
Heap after GC invocations=14 (full 2):
 PSYoungGen      total 101888K, used 3068K [0x000000076cb00000, 0x0000000777000000, 0x00000007c0000000)
  eden space 98816K, 0% used [0x000000076cb00000,0x000000076cb00000,0x0000000772b80000)
  from space 3072K, 99% used [0x0000000776d00000,0x0000000776fff180,0x0000000777000000)
  to   space 16896K, 0% used [0x0000000774f00000,0x0000000774f00000,0x0000000775f80000)
 ParOldGen       total 134656K, used 27559K [0x00000006c6000000, 0x00000006ce380000, 0x000000076cb00000)
  object space 134656K, 20% used [0x00000006c6000000,0x00000006c7ae9d28,0x00000006ce380000)
 Metaspace       used 53016K, capacity 58866K, committed 59028K, reserved 1099776K
  class space    used 6931K, capacity 7911K, committed 7936K, reserved 1048576K
}
Event: 592,381 GC heap before
{Heap before GC invocations=15 (full 3):
 PSYoungGen      total 101888K, used 3068K [0x000000076cb00000, 0x0000000777000000, 0x00000007c0000000)
  eden space 98816K, 0% used [0x000000076cb00000,0x000000076cb00000,0x0000000772b80000)
  from space 3072K, 99% used [0x0000000776d00000,0x0000000776fff180,0x0000000777000000)
  to   space 16896K, 0% used [0x0000000774f00000,0x0000000774f00000,0x0000000775f80000)
 ParOldGen       total 134656K, used 27559K [0x00000006c6000000, 0x00000006ce380000, 0x000000076cb00000)
  object space 134656K, 20% used [0x00000006c6000000,0x00000006c7ae9d28,0x00000006ce380000)
 Metaspace       used 53016K, capacity 58866K, committed 59028K, reserved 1099776K
  class space    used 6931K, capacity 7911K, committed 7936K, reserved 1048576K
Event: 592,559 GC heap after
Heap after GC invocations=15 (full 3):
 PSYoungGen      total 101888K, used 0K [0x000000076cb00000, 0x0000000777000000, 0x00000007c0000000)
  eden space 98816K, 0% used [0x000000076cb00000,0x000000076cb00000,0x0000000772b80000)
  from space 3072K, 0% used [0x0000000776d00000,0x0000000776d00000,0x0000000777000000)
  to   space 16896K, 0% used [0x0000000774f00000,0x0000000774f00000,0x0000000775f80000)
 ParOldGen       total 145408K, used 27197K [0x00000006c6000000, 0x00000006cee00000, 0x000000076cb00000)
  object space 145408K, 18% used [0x00000006c6000000,0x00000006c7a8f510,0x00000006cee00000)
 Metaspace       used 52473K, capacity 57690K, committed 59028K, reserved 1099776K
  class space    used 6863K, capacity 7773K, committed 7936K, reserved 1048576K
}

