# JRE version: Java(TM) SE Runtime Environment (8.0_40-b25) (build 1.8.0_40-b25)
# Java VM: Java HotSpot(TM) 64-Bit Server VM (25.40-b25 mixed mode linux-amd64 compressed oops)
Heap:
 PSYoungGen      total 194560K, used 109793K [0x00000000ed580000, 0x00000000fc000000, 0x0000000100000000)
  eden space 180736K, 60% used [0x00000000ed580000,0x00000000f40b8540,0x00000000f8600000)
  from space 13824K, 0% used [0x00000000f8d00000,0x00000000f8d00000,0x00000000f9a80000)
  to   space 29696K, 0% used [0x00000000fa300000,0x00000000fa300000,0x00000000fc000000)
 ParOldGen       total 128000K, used 67593K [0x00000000c8000000, 0x00000000cfd00000, 0x00000000ed580000)
  object space 128000K, 52% used [0x00000000c8000000,0x00000000cc202798,0x00000000cfd00000)
 Metaspace       used 75298K, capacity 81552K, committed 86144K, reserved 1122304K
  class space    used 10135K, capacity 11318K, committed 12672K, reserved 1048576K
GC Heap History (10 events):
Event: 638.343 GC heap before
{Heap before GC invocations=21 (full 3):
 PSYoungGen      total 225280K, used 225251K [0x00000000ed580000, 0x00000000fcd80000, 0x0000000100000000)
  eden space 212480K, 100% used [0x00000000ed580000,0x00000000fa500000,0x00000000fa500000)
  from space 12800K, 99% used [0x00000000fa500000,0x00000000fb178f20,0x00000000fb180000)
  to   space 16384K, 0% used [0x00000000fbd80000,0x00000000fbd80000,0x00000000fcd80000)
 ParOldGen       total 80384K, used 33318K [0x00000000c8000000, 0x00000000cce80000, 0x00000000ed580000)
  object space 80384K, 41% used [0x00000000c8000000,0x00000000ca089938,0x00000000cce80000)
 Metaspace       used 64760K, capacity 71402K, committed 71552K, reserved 1110016K
  class space    used 8608K, capacity 10039K, committed 10112K, reserved 1048576K
Event: 638.365 GC heap after
Heap after GC invocations=21 (full 3):
 PSYoungGen      total 220160K, used 16362K [0x00000000ed580000, 0x00000000fcd80000, 0x0000000100000000)
  eden space 203776K, 0% used [0x00000000ed580000,0x00000000ed580000,0x00000000f9c80000)
  from space 16384K, 99% used [0x00000000fbd80000,0x00000000fcd7a9e8,0x00000000fcd80000)
  to   space 20480K, 0% used [0x00000000fa580000,0x00000000fa580000,0x00000000fb980000)
 ParOldGen       total 80384K, used 36553K [0x00000000c8000000, 0x00000000cce80000, 0x00000000ed580000)
  object space 80384K, 45% used [0x00000000c8000000,0x00000000ca3b2790,0x00000000cce80000)
 Metaspace       used 64760K, capacity 71402K, committed 71552K, reserved 1110016K
  class space    used 8608K, capacity 10039K, committed 10112K, reserved 1048576K
}
Event: 683.303 GC heap before
{Heap before GC invocations=22 (full 3):
 PSYoungGen      total 220160K, used 220138K [0x00000000ed580000, 0x00000000fcd80000, 0x0000000100000000)
  eden space 203776K, 100% used [0x00000000ed580000,0x00000000f9c80000,0x00000000f9c80000)
  from space 16384K, 99% used [0x00000000fbd80000,0x00000000fcd7a9e8,0x00000000fcd80000)
  to   space 20480K, 0% used [0x00000000fa580000,0x00000000fa580000,0x00000000fb980000)
 ParOldGen       total 80384K, used 36553K [0x00000000c8000000, 0x00000000cce80000, 0x00000000ed580000)
  object space 80384K, 45% used [0x00000000c8000000,0x00000000ca3b2790,0x00000000cce80000)
 Metaspace       used 69310K, capacity 76520K, committed 76800K, reserved 1116160K
  class space    used 9313K, capacity 10917K, committed 11008K, reserved 1048576K
Event: 683.336 GC heap after
Heap after GC invocations=22 (full 3):
 PSYoungGen      total 216064K, used 20470K [0x00000000ed580000, 0x00000000fc780000, 0x0000000100000000)
  eden space 195584K, 0% used [0x00000000ed580000,0x00000000ed580000,0x00000000f9480000)
  from space 20480K, 99% used [0x00000000fa580000,0x00000000fb97da50,0x00000000fb980000)
  to   space 14336K, 0% used [0x00000000fb980000,0x00000000fb980000,0x00000000fc780000)
 ParOldGen       total 80384K, used 43676K [0x00000000c8000000, 0x00000000cce80000, 0x00000000ed580000)
  object space 80384K, 54% used [0x00000000c8000000,0x00000000caaa70a8,0x00000000cce80000)
 Metaspace       used 69310K, capacity 76520K, committed 76800K, reserved 1116160K
  class space    used 9313K, capacity 10917K, committed 11008K, reserved 1048576K
}
Event: 905.184 GC heap before
{Heap before GC invocations=23 (full 3):
 PSYoungGen      total 216064K, used 216054K [0x00000000ed580000, 0x00000000fc780000, 0x0000000100000000)
  eden space 195584K, 100% used [0x00000000ed580000,0x00000000f9480000,0x00000000f9480000)
  from space 20480K, 99% used [0x00000000fa580000,0x00000000fb97da50,0x00000000fb980000)
  to   space 14336K, 0% used [0x00000000fb980000,0x00000000fb980000,0x00000000fc780000)
 ParOldGen       total 80384K, used 43676K [0x00000000c8000000, 0x00000000cce80000, 0x00000000ed580000)
  object space 80384K, 54% used [0x00000000c8000000,0x00000000caaa70a8,0x00000000cce80000)
 Metaspace       used 72045K, capacity 79674K, committed 79872K, reserved 1118208K
  class space    used 9755K, capacity 11505K, committed 11520K, reserved 1048576K
Event: 905.213 GC heap after
Heap after GC invocations=23 (full 3):
 PSYoungGen      total 202240K, used 14311K [0x00000000ed580000, 0x00000000fc900000, 0x0000000100000000)
  eden space 187904K, 0% used [0x00000000ed580000,0x00000000ed580000,0x00000000f8d00000)
  from space 14336K, 99% used [0x00000000fb980000,0x00000000fc779fe8,0x00000000fc780000)
  to   space 30720K, 0% used [0x00000000f8d00000,0x00000000f8d00000,0x00000000fab00000)
 ParOldGen       total 80384K, used 56150K [0x00000000c8000000, 0x00000000cce80000, 0x00000000ed580000)
  object space 80384K, 69% used [0x00000000c8000000,0x00000000cb6d5840,0x00000000cce80000)
 Metaspace       used 72045K, capacity 79674K, committed 79872K, reserved 1118208K
  class space    used 9755K, capacity 11505K, committed 11520K, reserved 1048576K
}
Event: 973.245 GC heap before
{Heap before GC invocations=24 (full 3):
 PSYoungGen      total 202240K, used 202215K [0x00000000ed580000, 0x00000000fc900000, 0x0000000100000000)
  eden space 187904K, 100% used [0x00000000ed580000,0x00000000f8d00000,0x00000000f8d00000)
  from space 14336K, 99% used [0x00000000fb980000,0x00000000fc779fe8,0x00000000fc780000)
  to   space 30720K, 0% used [0x00000000f8d00000,0x00000000f8d00000,0x00000000fab00000)
 ParOldGen       total 80384K, used 56150K [0x00000000c8000000, 0x00000000cce80000, 0x00000000ed580000)
  object space 80384K, 69% used [0x00000000c8000000,0x00000000cb6d5840,0x00000000cce80000)
 Metaspace       used 76109K, capacity 84472K, committed 84736K, reserved 1122304K
  class space    used 10427K, capacity 12455K, committed 12544K, reserved 1048576K
Event: 973.275 GC heap after
Heap after GC invocations=24 (full 3):
 PSYoungGen      total 194560K, used 13668K [0x00000000ed580000, 0x00000000fc000000, 0x0000000100000000)
  eden space 180736K, 0% used [0x00000000ed580000,0x00000000ed580000,0x00000000f8600000)
  from space 13824K, 98% used [0x00000000f8d00000,0x00000000f9a593f8,0x00000000f9a80000)
  to   space 29696K, 0% used [0x00000000fa300000,0x00000000fa300000,0x00000000fc000000)
 ParOldGen       total 80384K, used 70500K [0x00000000c8000000, 0x00000000cce80000, 0x00000000ed580000)
  object space 80384K, 87% used [0x00000000c8000000,0x00000000cc4d9050,0x00000000cce80000)
 Metaspace       used 76109K, capacity 84472K, committed 84736K, reserved 1122304K
  class space    used 10427K, capacity 12455K, committed 12544K, reserved 1048576K
}
Event: 973.276 GC heap before
{Heap before GC invocations=25 (full 4):
 PSYoungGen      total 194560K, used 13668K [0x00000000ed580000, 0x00000000fc000000, 0x0000000100000000)
  eden space 180736K, 0% used [0x00000000ed580000,0x00000000ed580000,0x00000000f8600000)
  from space 13824K, 98% used [0x00000000f8d00000,0x00000000f9a593f8,0x00000000f9a80000)
  to   space 29696K, 0% used [0x00000000fa300000,0x00000000fa300000,0x00000000fc000000)
 ParOldGen       total 80384K, used 70500K [0x00000000c8000000, 0x00000000cce80000, 0x00000000ed580000)
  object space 80384K, 87% used [0x00000000c8000000,0x00000000cc4d9050,0x00000000cce80000)
 Metaspace       used 76109K, capacity 84472K, committed 84736K, reserved 1122304K
  class space    used 10427K, capacity 12455K, committed 12544K, reserved 1048576K
Event: 973.525 GC heap after
Heap after GC invocations=25 (full 4):
 PSYoungGen      total 194560K, used 0K [0x00000000ed580000, 0x00000000fc000000, 0x0000000100000000)
  eden space 180736K, 0% used [0x00000000ed580000,0x00000000ed580000,0x00000000f8600000)
  from space 13824K, 0% used [0x00000000f8d00000,0x00000000f8d00000,0x00000000f9a80000)
  to   space 29696K, 0% used [0x00000000fa300000,0x00000000fa300000,0x00000000fc000000)
 ParOldGen       total 128000K, used 67593K [0x00000000c8000000, 0x00000000cfd00000, 0x00000000ed580000)
  object space 128000K, 52% used [0x00000000c8000000,0x00000000cc202798,0x00000000cfd00000)
 Metaspace       used 72677K, capacity 78528K, committed 84736K, reserved 1122304K
  class space    used 9706K, capacity 10826K, committed 12544K, reserved 1048576K
}

