# JRE version: Java(TM) SE Runtime Environment (8.0_77-b03) (build 1.8.0_77-b03)
# Java VM: Java HotSpot(TM) 64-Bit Server VM (25.77-b03 mixed mode linux-amd64 compressed oops)
Heap:
 PSYoungGen      total 163840K, used 55941K [0x00000000d8000000, 0x00000000e2f00000, 0x0000000100000000)
  eden space 152576K, 36% used [0x00000000d8000000,0x00000000db6a1458,0x00000000e1500000)
  from space 11264K, 0% used [0x00000000e2400000,0x00000000e2400000,0x00000000e2f00000)
  to   space 13312K, 0% used [0x00000000e1500000,0x00000000e1500000,0x00000000e2200000)
 ParOldGen       total 82944K, used 14649K [0x0000000088000000, 0x000000008d100000, 0x00000000d8000000)
  object space 82944K, 17% used [0x0000000088000000,0x0000000088e4e430,0x000000008d100000)
 Metaspace       used 35419K, capacity 36874K, committed 37080K, reserved 1081344K
  class space    used 4323K, capacity 4571K, committed 4608K, reserved 1048576K
GC Heap History (10 events):
Event: 3.836 GC heap before
{Heap before GC invocations=8 (full 0):
 PSYoungGen      total 67584K, used 34933K [0x00000000d8000000, 0x00000000e0600000, 0x0000000100000000)
  eden space 57344K, 45% used [0x00000000d8000000,0x00000000d9983a38,0x00000000db800000)
  from space 10240K, 86% used [0x00000000db800000,0x00000000dc099aa0,0x00000000dc200000)
  to   space 11264K, 0% used [0x00000000dfb00000,0x00000000dfb00000,0x00000000e0600000)
 ParOldGen       total 81920K, used 7600K [0x0000000088000000, 0x000000008d000000, 0x00000000d8000000)
  object space 81920K, 9% used [0x0000000088000000,0x000000008876c238,0x000000008d000000)
 Metaspace       used 19997K, capacity 21232K, committed 21248K, reserved 1067008K
  class space    used 2561K, capacity 2803K, committed 2816K, reserved 1048576K
Event: 3.845 GC heap after
Heap after GC invocations=8 (full 0):
 PSYoungGen      total 125440K, used 8055K [0x00000000d8000000, 0x00000000e0700000, 0x0000000100000000)
  eden space 114176K, 0% used [0x00000000d8000000,0x00000000d8000000,0x00000000def80000)
  from space 11264K, 71% used [0x00000000dfb00000,0x00000000e02ddc90,0x00000000e0600000)
  to   space 11776K, 0% used [0x00000000def80000,0x00000000def80000,0x00000000dfb00000)
 ParOldGen       total 81920K, used 8468K [0x0000000088000000, 0x000000008d000000, 0x00000000d8000000)
  object space 81920K, 10% used [0x0000000088000000,0x0000000088845248,0x000000008d000000)
 Metaspace       used 19997K, capacity 21232K, committed 21248K, reserved 1067008K
  class space    used 2561K, capacity 2803K, committed 2816K, reserved 1048576K
}
Event: 3.845 GC heap before
{Heap before GC invocations=9 (full 1):
 PSYoungGen      total 125440K, used 8055K [0x00000000d8000000, 0x00000000e0700000, 0x0000000100000000)
  eden space 114176K, 0% used [0x00000000d8000000,0x00000000d8000000,0x00000000def80000)
  from space 11264K, 71% used [0x00000000dfb00000,0x00000000e02ddc90,0x00000000e0600000)
  to   space 11776K, 0% used [0x00000000def80000,0x00000000def80000,0x00000000dfb00000)
 ParOldGen       total 81920K, used 8468K [0x0000000088000000, 0x000000008d000000, 0x00000000d8000000)
  object space 81920K, 10% used [0x0000000088000000,0x0000000088845248,0x000000008d000000)
 Metaspace       used 19997K, capacity 21232K, committed 21248K, reserved 1067008K
  class space    used 2561K, capacity 2803K, committed 2816K, reserved 1048576K
Event: 3.905 GC heap after
Heap after GC invocations=9 (full 1):
 PSYoungGen      total 125440K, used 0K [0x00000000d8000000, 0x00000000e0700000, 0x0000000100000000)
  eden space 114176K, 0% used [0x00000000d8000000,0x00000000d8000000,0x00000000def80000)
  from space 11264K, 0% used [0x00000000dfb00000,0x00000000dfb00000,0x00000000e0600000)
  to   space 11776K, 0% used [0x00000000def80000,0x00000000def80000,0x00000000dfb00000)
 ParOldGen       total 60928K, used 15604K [0x0000000088000000, 0x000000008bb80000, 0x00000000d8000000)
  object space 60928K, 25% used [0x0000000088000000,0x0000000088f3d140,0x000000008bb80000)
 Metaspace       used 19951K, capacity 21130K, committed 21248K, reserved 1067008K
  class space    used 2550K, capacity 2782K, committed 2816K, reserved 1048576K
}
Event: 5.349 GC heap before
{Heap before GC invocations=10 (full 1):
 PSYoungGen      total 125440K, used 114176K [0x00000000d8000000, 0x00000000e0700000, 0x0000000100000000)
  eden space 114176K, 100% used [0x00000000d8000000,0x00000000def80000,0x00000000def80000)
  from space 11264K, 0% used [0x00000000dfb00000,0x00000000dfb00000,0x00000000e0600000)
  to   space 11776K, 0% used [0x00000000def80000,0x00000000def80000,0x00000000dfb00000)
 ParOldGen       total 60928K, used 15604K [0x0000000088000000, 0x000000008bb80000, 0x00000000d8000000)
  object space 60928K, 25% used [0x0000000088000000,0x0000000088f3d140,0x000000008bb80000)
 Metaspace       used 33109K, capacity 34452K, committed 34560K, reserved 1079296K
  class space    used 4019K, capacity 4271K, committed 4352K, reserved 1048576K
Event: 5.358 GC heap after
Heap after GC invocations=10 (full 1):
 PSYoungGen      total 125952K, used 11702K [0x00000000d8000000, 0x00000000e3100000, 0x0000000100000000)
  eden space 114176K, 0% used [0x00000000d8000000,0x00000000d8000000,0x00000000def80000)
  from space 11776K, 99% used [0x00000000def80000,0x00000000dfaeda10,0x00000000dfb00000)
  to   space 13312K, 0% used [0x00000000e2400000,0x00000000e2400000,0x00000000e3100000)
 ParOldGen       total 60928K, used 15612K [0x0000000088000000, 0x000000008bb80000, 0x00000000d8000000)
  object space 60928K, 25% used [0x0000000088000000,0x0000000088f3f140,0x000000008bb80000)
 Metaspace       used 33109K, capacity 34452K, committed 34560K, reserved 1079296K
  class space    used 4019K, capacity 4271K, committed 4352K, reserved 1048576K
}
Event: 6.833 GC heap before
{Heap before GC invocations=11 (full 1):
 PSYoungGen      total 125952K, used 23724K [0x00000000d8000000, 0x00000000e3100000, 0x0000000100000000)
  eden space 114176K, 10% used [0x00000000d8000000,0x00000000d8bbd908,0x00000000def80000)
  from space 11776K, 99% used [0x00000000def80000,0x00000000dfaeda10,0x00000000dfb00000)
  to   space 13312K, 0% used [0x00000000e2400000,0x00000000e2400000,0x00000000e3100000)
 ParOldGen       total 60928K, used 15612K [0x0000000088000000, 0x000000008bb80000, 0x00000000d8000000)
  object space 60928K, 25% used [0x0000000088000000,0x0000000088f3f140,0x000000008bb80000)
 Metaspace       used 33919K, capacity 35262K, committed 35416K, reserved 1081344K
  class space    used 4115K, capacity 4370K, committed 4480K, reserved 1048576K
Event: 6.852 GC heap after
Heap after GC invocations=11 (full 1):
 PSYoungGen      total 163840K, used 2868K [0x00000000d8000000, 0x00000000e2f00000, 0x0000000100000000)
  eden space 152576K, 0% used [0x00000000d8000000,0x00000000d8000000,0x00000000e1500000)
  from space 11264K, 25% used [0x00000000e2400000,0x00000000e26cd050,0x00000000e2f00000)
  to   space 13312K, 0% used [0x00000000e1500000,0x00000000e1500000,0x00000000e2200000)
 ParOldGen       total 60928K, used 15620K [0x0000000088000000, 0x000000008bb80000, 0x00000000d8000000)
  object space 60928K, 25% used [0x0000000088000000,0x0000000088f41140,0x000000008bb80000)
 Metaspace       used 33919K, capacity 35262K, committed 35416K, reserved 1081344K
  class space    used 4115K, capacity 4370K, committed 4480K, reserved 1048576K
}
Event: 6.852 GC heap before
{Heap before GC invocations=12 (full 2):
 PSYoungGen      total 163840K, used 2868K [0x00000000d8000000, 0x00000000e2f00000, 0x0000000100000000)
  eden space 152576K, 0% used [0x00000000d8000000,0x00000000d8000000,0x00000000e1500000)
  from space 11264K, 25% used [0x00000000e2400000,0x00000000e26cd050,0x00000000e2f00000)
  to   space 13312K, 0% used [0x00000000e1500000,0x00000000e1500000,0x00000000e2200000)
 ParOldGen       total 60928K, used 15620K [0x0000000088000000, 0x000000008bb80000, 0x00000000d8000000)
  object space 60928K, 25% used [0x0000000088000000,0x0000000088f41140,0x000000008bb80000)
 Metaspace       used 33919K, capacity 35262K, committed 35416K, reserved 1081344K
  class space    used 4115K, capacity 4370K, committed 4480K, reserved 1048576K
Event: 6.949 GC heap after
Heap after GC invocations=12 (full 2):
 PSYoungGen      total 163840K, used 0K [0x00000000d8000000, 0x00000000e2f00000, 0x0000000100000000)
  eden space 152576K, 0% used [0x00000000d8000000,0x00000000d8000000,0x00000000e1500000)
  from space 11264K, 0% used [0x00000000e2400000,0x00000000e2400000,0x00000000e2f00000)
  to   space 13312K, 0% used [0x00000000e1500000,0x00000000e1500000,0x00000000e2200000)
 ParOldGen       total 82944K, used 14649K [0x0000000088000000, 0x000000008d100000, 0x00000000d8000000)
  object space 82944K, 17% used [0x0000000088000000,0x0000000088e4e430,0x000000008d100000)
 Metaspace       used 33775K, capacity 34954K, committed 35416K, reserved 1081344K
  class space    used 4082K, capacity 4307K, committed 4480K, reserved 1048576K
}

