# JRE version: Java(TM) SE Runtime Environment (8.0_74-b02) (build 1.8.0_74-b02)
# Java VM: Java HotSpot(TM) 64-Bit Server VM (25.74-b02 mixed mode linux-amd64 compressed oops)
Heap:
 PSYoungGen      total 158720K, used 153385K [0x00000000d8000000, 0x00000000e4980000, 0x0000000100000000)
  eden space 145920K, 99% used [0x00000000d8000000,0x00000000e0d2be10,0x00000000e0e80000)
  from space 12800K, 68% used [0x00000000e0e80000,0x00000000e171e940,0x00000000e1b00000)
  to   space 12800K, 0% used [0x00000000e3d00000,0x00000000e3d00000,0x00000000e4980000)
 ParOldGen       total 86528K, used 14142K [0x0000000088000000, 0x000000008d480000, 0x00000000d8000000)
  object space 86528K, 16% used [0x0000000088000000,0x0000000088dcf9e8,0x000000008d480000)
 Metaspace       used 46792K, capacity 49974K, committed 50136K, reserved 1093632K
  class space    used 5869K, capacity 6540K, committed 6656K, reserved 1048576K
GC Heap History (10 events):
Event: 3.285 GC heap before
{Heap before GC invocations=9 (full 1):
 PSYoungGen      total 123904K, used 6004K [0x00000000d8000000, 0x00000000e0400000, 0x0000000100000000)
  eden space 113664K, 0% used [0x00000000d8000000,0x00000000d8000000,0x00000000def00000)
  from space 10240K, 58% used [0x00000000dfa00000,0x00000000dffdd2f8,0x00000000e0400000)
  to   space 10752K, 0% used [0x00000000def00000,0x00000000def00000,0x00000000df980000)
 ParOldGen       total 81920K, used 9787K [0x0000000088000000, 0x000000008d000000, 0x00000000d8000000)
  object space 81920K, 11% used [0x0000000088000000,0x000000008898eec8,0x000000008d000000)
 Metaspace       used 19958K, capacity 21224K, committed 21248K, reserved 1067008K
  class space    used 2565K, capacity 2803K, committed 2816K, reserved 1048576K
Event: 3.383 GC heap after
Heap after GC invocations=9 (full 1):
 PSYoungGen      total 123904K, used 0K [0x00000000d8000000, 0x00000000e0400000, 0x0000000100000000)
  eden space 113664K, 0% used [0x00000000d8000000,0x00000000d8000000,0x00000000def00000)
  from space 10240K, 0% used [0x00000000dfa00000,0x00000000dfa00000,0x00000000e0400000)
  to   space 10752K, 0% used [0x00000000def00000,0x00000000def00000,0x00000000df980000)
 ParOldGen       total 62976K, used 14854K [0x0000000088000000, 0x000000008bd80000, 0x00000000d8000000)
  object space 62976K, 23% used [0x0000000088000000,0x0000000088e81b18,0x000000008bd80000)
 Metaspace       used 19913K, capacity 21128K, committed 21248K, reserved 1067008K
  class space    used 2555K, capacity 2783K, committed 2816K, reserved 1048576K
}
Event: 4.935 GC heap before
{Heap before GC invocations=10 (full 1):
 PSYoungGen      total 123904K, used 113664K [0x00000000d8000000, 0x00000000e0400000, 0x0000000100000000)
  eden space 113664K, 100% used [0x00000000d8000000,0x00000000def00000,0x00000000def00000)
  from space 10240K, 0% used [0x00000000dfa00000,0x00000000dfa00000,0x00000000e0400000)
  to   space 10752K, 0% used [0x00000000def00000,0x00000000def00000,0x00000000df980000)
 ParOldGen       total 62976K, used 14854K [0x0000000088000000, 0x000000008bd80000, 0x00000000d8000000)
  object space 62976K, 23% used [0x0000000088000000,0x0000000088e81b18,0x000000008bd80000)
 Metaspace       used 33389K, capacity 34732K, committed 34816K, reserved 1079296K
  class space    used 4050K, capacity 4303K, committed 4352K, reserved 1048576K
Event: 4.947 GC heap after
Heap after GC invocations=10 (full 1):
 PSYoungGen      total 124416K, used 10724K [0x00000000d8000000, 0x00000000e2a80000, 0x0000000100000000)
  eden space 113664K, 0% used [0x00000000d8000000,0x00000000d8000000,0x00000000def00000)
  from space 10752K, 99% used [0x00000000def00000,0x00000000df979328,0x00000000df980000)
  to   space 12800K, 0% used [0x00000000e1e00000,0x00000000e1e00000,0x00000000e2a80000)
 ParOldGen       total 62976K, used 16212K [0x0000000088000000, 0x000000008bd80000, 0x00000000d8000000)
  object space 62976K, 25% used [0x0000000088000000,0x0000000088fd5170,0x000000008bd80000)
 Metaspace       used 33389K, capacity 34732K, committed 34816K, reserved 1079296K
  class space    used 4050K, capacity 4303K, committed 4352K, reserved 1048576K
}
Event: 7.913 GC heap before
{Heap before GC invocations=11 (full 1):
 PSYoungGen      total 124416K, used 19321K [0x00000000d8000000, 0x00000000e2a80000, 0x0000000100000000)
  eden space 113664K, 7% used [0x00000000d8000000,0x00000000d88650d8,0x00000000def00000)
  from space 10752K, 99% used [0x00000000def00000,0x00000000df979328,0x00000000df980000)
  to   space 12800K, 0% used [0x00000000e1e00000,0x00000000e1e00000,0x00000000e2a80000)
 ParOldGen       total 62976K, used 16212K [0x0000000088000000, 0x000000008bd80000, 0x00000000d8000000)
  object space 62976K, 25% used [0x0000000088000000,0x0000000088fd5170,0x000000008bd80000)
 Metaspace       used 33969K, capacity 35254K, committed 35416K, reserved 1081344K
  class space    used 4128K, capacity 4370K, committed 4480K, reserved 1048576K
Event: 7.939 GC heap after
Heap after GC invocations=11 (full 1):
 PSYoungGen      total 155648K, used 2809K [0x00000000d8000000, 0x00000000e2780000, 0x0000000100000000)
  eden space 145920K, 0% used [0x00000000d8000000,0x00000000d8000000,0x00000000e0e80000)
  from space 9728K, 28% used [0x00000000e1e00000,0x00000000e20be740,0x00000000e2780000)
  to   space 12800K, 0% used [0x00000000e0e80000,0x00000000e0e80000,0x00000000e1b00000)
 ParOldGen       total 62976K, used 16212K [0x0000000088000000, 0x000000008bd80000, 0x00000000d8000000)
  object space 62976K, 25% used [0x0000000088000000,0x0000000088fd5170,0x000000008bd80000)
 Metaspace       used 33969K, capacity 35254K, committed 35416K, reserved 1081344K
  class space    used 4128K, capacity 4370K, committed 4480K, reserved 1048576K
}
Event: 7.939 GC heap before
{Heap before GC invocations=12 (full 2):
 PSYoungGen      total 155648K, used 2809K [0x00000000d8000000, 0x00000000e2780000, 0x0000000100000000)
  eden space 145920K, 0% used [0x00000000d8000000,0x00000000d8000000,0x00000000e0e80000)
  from space 9728K, 28% used [0x00000000e1e00000,0x00000000e20be740,0x00000000e2780000)
  to   space 12800K, 0% used [0x00000000e0e80000,0x00000000e0e80000,0x00000000e1b00000)
 ParOldGen       total 62976K, used 16212K [0x0000000088000000, 0x000000008bd80000, 0x00000000d8000000)
  object space 62976K, 25% used [0x0000000088000000,0x0000000088fd5170,0x000000008bd80000)
 Metaspace       used 33969K, capacity 35254K, committed 35416K, reserved 1081344K
  class space    used 4128K, capacity 4370K, committed 4480K, reserved 1048576K
Event: 8.092 GC heap after
Heap after GC invocations=12 (full 2):
 PSYoungGen      total 155648K, used 0K [0x00000000d8000000, 0x00000000e2780000, 0x0000000100000000)
  eden space 145920K, 0% used [0x00000000d8000000,0x00000000d8000000,0x00000000e0e80000)
  from space 9728K, 0% used [0x00000000e1e00000,0x00000000e1e00000,0x00000000e2780000)
  to   space 12800K, 0% used [0x00000000e0e80000,0x00000000e0e80000,0x00000000e1b00000)
 ParOldGen       total 86528K, used 14134K [0x0000000088000000, 0x000000008d480000, 0x00000000d8000000)
  object space 86528K, 16% used [0x0000000088000000,0x0000000088dcd9e8,0x000000008d480000)
 Metaspace       used 33826K, capacity 34946K, committed 35416K, reserved 1081344K
  class space    used 4095K, capacity 4307K, committed 4480K, reserved 1048576K
}
Event: 11.230 GC heap before
{Heap before GC invocations=13 (full 2):
 PSYoungGen      total 155648K, used 145920K [0x00000000d8000000, 0x00000000e2780000, 0x0000000100000000)
  eden space 145920K, 100% used [0x00000000d8000000,0x00000000e0e80000,0x00000000e0e80000)
  from space 9728K, 0% used [0x00000000e1e00000,0x00000000e1e00000,0x00000000e2780000)
  to   space 12800K, 0% used [0x00000000e0e80000,0x00000000e0e80000,0x00000000e1b00000)
 ParOldGen       total 86528K, used 14134K [0x0000000088000000, 0x000000008d480000, 0x00000000d8000000)
  object space 86528K, 16% used [0x0000000088000000,0x0000000088dcd9e8,0x000000008d480000)
 Metaspace       used 41673K, capacity 44042K, committed 44120K, reserved 1087488K
  class space    used 5186K, capacity 5682K, committed 5760K, reserved 1048576K
Event: 11.244 GC heap after
Heap after GC invocations=13 (full 2):
 PSYoungGen      total 158720K, used 8826K [0x00000000d8000000, 0x00000000e4980000, 0x0000000100000000)
  eden space 145920K, 0% used [0x00000000d8000000,0x00000000d8000000,0x00000000e0e80000)
  from space 12800K, 68% used [0x00000000e0e80000,0x00000000e171e940,0x00000000e1b00000)
  to   space 12800K, 0% used [0x00000000e3d00000,0x00000000e3d00000,0x00000000e4980000)
 ParOldGen       total 86528K, used 14142K [0x0000000088000000, 0x000000008d480000, 0x00000000d8000000)
  object space 86528K, 16% used [0x0000000088000000,0x0000000088dcf9e8,0x000000008d480000)
 Metaspace       used 41673K, capacity 44042K, committed 44120K, reserved 1087488K
  class space    used 5186K, capacity 5682K, committed 5760K, reserved 1048576K
}

